<?xml version="1.0" encoding="UTF-8"?>
<!-- Generated by org.testng.reporters.JUnitXMLReporter -->
<testsuite ignored="0" hostname="DESKTOP-SHILAT" failures="0" tests="10" name="Default test" time="232.05" errors="0" timestamp="2022-08-29T21:19:29 IDT">
  <testcase classname="AuthenticationTestSuit.LoginTest" name="illegalEmailTest" time="26.813"/>
  <testcase classname="AuthenticationTestSuit.LoginTest" name="succeedLoginTest" time="36.672"/>
  <testcase classname="ShoppingCartTestsSuit.ShoppingCartTest" name="addToCartTest" time="51.6"/>
  <testcase classname="ShoppingCartTestsSuit.ShoppingCartTest" name="filterSearchTest" time="18.492"/>
  <testcase classname="SearchTestsSuit.SearchTest" name="enteringInvalidKeywordTest" time="24.908"/>
  <testcase classname="SearchTestsSuit.SearchTest" name="searchResultDisplayedTest" time="16.505"/>
  <testcase classname="AuthenticationTestSuit.RegistrationTest" name="passTooShortTest" time="9.682"/>
  <testcase classname="AuthenticationTestSuit.RegistrationTest" name="birthdayUnderEighteenTest" time="7.412"/>
  <testcase classname="AuthenticationTestSuit.RegistrationTest" name="illegalIdTest" time="5.011"/>
  <testcase classname="AuthenticationTestSuit.RegistrationTest" name="succeedRegistrationTest" time="5.48"/>
</testsuite> <!-- Default test -->
